<?xml version="1.0" encoding="UTF-8"?>
<!-- Generated by org.testng.reporters.JUnitReportReporter -->
<testsuite skipped="0" hostname="ChandiPrasads-MacBook-Pro.local" name="com.test.matas" tests="1" failures="0" timestamp="01 Mar 2018 07:39:27 GMT" time="64.505" errors="0">
  <testcase name="contact" time="64.505" classname="com.test.matas"/>
</testsuite> <!-- com.test.matas -->
